# JRE version: Java(TM) SE Runtime Environment (8.0_161-b12) (build 1.8.0_161-b12)
# Java VM: Java HotSpot(TM) 64-Bit Server VM (25.161-b12 mixed mode windows-amd64 compressed oops)
Heap:
 PSYoungGen      total 68096K, used 28252K [0x00000000ebc00000, 0x00000000f0700000, 0x0000000100000000)
  eden space 62464K, 45% used [0x00000000ebc00000,0x00000000ed797380,0x00000000ef900000)
  from space 5632K, 0% used [0x00000000eff80000,0x00000000eff80000,0x00000000f0500000)
  to   space 6656K, 0% used [0x00000000ef900000,0x00000000ef900000,0x00000000eff80000)
 ParOldGen       total 30720K, used 7684K [0x00000000c3400000, 0x00000000c5200000, 0x00000000ebc00000)
  object space 30720K, 25% used [0x00000000c3400000,0x00000000c3b813c0,0x00000000c5200000)
 Metaspace       used 25361K, capacity 25620K, committed 25856K, reserved 1071104K
  class space    used 3216K, capacity 3292K, committed 3328K, reserved 1048576K
GC Heap History (10 events):
Event: 3.952 GC heap before
{Heap before GC invocations=3 (full 0):
 PSYoungGen      total 18432K, used 18403K [0x00000000ebc00000, 0x00000000ee000000, 0x0000000100000000)
  eden space 15872K, 100% used [0x00000000ebc00000,0x00000000ecb80000,0x00000000ecb80000)
  from space 2560K, 98% used [0x00000000ece00000,0x00000000ed078c18,0x00000000ed080000)
  to   space 2560K, 0% used [0x00000000ecb80000,0x00000000ecb80000,0x00000000ece00000)
 ParOldGen       total 42496K, used 2814K [0x00000000c3400000, 0x00000000c5d80000, 0x00000000ebc00000)
  object space 42496K, 6% used [0x00000000c3400000,0x00000000c36bfb50,0x00000000c5d80000)
 Metaspace       used 11427K, capacity 11638K, committed 11776K, reserved 1058816K
  class space    used 1392K, capacity 1429K, committed 1536K, reserved 1048576K
Event: 3.971 GC heap after
Heap after GC invocations=3 (full 0):
 PSYoungGen      total 18432K, used 2552K [0x00000000ebc00000, 0x00000000ee000000, 0x0000000100000000)
  eden space 15872K, 0% used [0x00000000ebc00000,0x00000000ebc00000,0x00000000ecb80000)
  from space 2560K, 99% used [0x00000000ecb80000,0x00000000ecdfe030,0x00000000ece00000)
  to   space 2560K, 0% used [0x00000000edd80000,0x00000000edd80000,0x00000000ee000000)
 ParOldGen       total 42496K, used 3884K [0x00000000c3400000, 0x00000000c5d80000, 0x00000000ebc00000)
  object space 42496K, 9% used [0x00000000c3400000,0x00000000c37cb1b0,0x00000000c5d80000)
 Metaspace       used 11427K, capacity 11638K, committed 11776K, reserved 1058816K
  class space    used 1392K, capacity 1429K, committed 1536K, reserved 1048576K
}
Event: 4.071 GC heap before
{Heap before GC invocations=4 (full 0):
 PSYoungGen      total 18432K, used 18420K [0x00000000ebc00000, 0x00000000ee000000, 0x0000000100000000)
  eden space 15872K, 99% used [0x00000000ebc00000,0x00000000ecb7f1e0,0x00000000ecb80000)
  from space 2560K, 99% used [0x00000000ecb80000,0x00000000ecdfe030,0x00000000ece00000)
  to   space 2560K, 0% used [0x00000000edd80000,0x00000000edd80000,0x00000000ee000000)
 ParOldGen       total 42496K, used 3884K [0x00000000c3400000, 0x00000000c5d80000, 0x00000000ebc00000)
  object space 42496K, 9% used [0x00000000c3400000,0x00000000c37cb1b0,0x00000000c5d80000)
 Metaspace       used 11532K, capacity 11708K, committed 12032K, reserved 1060864K
  class space    used 1402K, capacity 1430K, committed 1536K, reserved 1048576K
Event: 4.076 GC heap after
Heap after GC invocations=4 (full 0):
 PSYoungGen      total 34304K, used 2557K [0x00000000ebc00000, 0x00000000ee000000, 0x0000000100000000)
  eden space 31744K, 0% used [0x00000000ebc00000,0x00000000ebc00000,0x00000000edb00000)
  from space 2560K, 99% used [0x00000000edd80000,0x00000000edfff5f0,0x00000000ee000000)
  to   space 2560K, 0% used [0x00000000edb00000,0x00000000edb00000,0x00000000edd80000)
 ParOldGen       total 42496K, used 4207K [0x00000000c3400000, 0x00000000c5d80000, 0x00000000ebc00000)
  object space 42496K, 9% used [0x00000000c3400000,0x00000000c381bf90,0x00000000c5d80000)
 Metaspace       used 11532K, capacity 11708K, committed 12032K, reserved 1060864K
  class space    used 1402K, capacity 1430K, committed 1536K, reserved 1048576K
}
Event: 5.412 GC heap before
{Heap before GC invocations=5 (full 0):
 PSYoungGen      total 34304K, used 34301K [0x00000000ebc00000, 0x00000000ee000000, 0x0000000100000000)
  eden space 31744K, 100% used [0x00000000ebc00000,0x00000000edb00000,0x00000000edb00000)
  from space 2560K, 99% used [0x00000000edd80000,0x00000000edfff5f0,0x00000000ee000000)
  to   space 2560K, 0% used [0x00000000edb00000,0x00000000edb00000,0x00000000edd80000)
 ParOldGen       total 42496K, used 4207K [0x00000000c3400000, 0x00000000c5d80000, 0x00000000ebc00000)
  object space 42496K, 9% used [0x00000000c3400000,0x00000000c381bf90,0x00000000c5d80000)
 Metaspace       used 16196K, capacity 16354K, committed 16640K, reserved 1064960K
  class space    used 1923K, capacity 1955K, committed 2048K, reserved 1048576K
Event: 5.423 GC heap after
Heap after GC invocations=5 (full 0):
 PSYoungGen      total 34304K, used 2541K [0x00000000ebc00000, 0x00000000f0500000, 0x0000000100000000)
  eden space 31744K, 0% used [0x00000000ebc00000,0x00000000ebc00000,0x00000000edb00000)
  from space 2560K, 99% used [0x00000000edb00000,0x00000000edd7b470,0x00000000edd80000)
  to   space 5632K, 0% used [0x00000000eff80000,0x00000000eff80000,0x00000000f0500000)
 ParOldGen       total 42496K, used 7343K [0x00000000c3400000, 0x00000000c5d80000, 0x00000000ebc00000)
  object space 42496K, 17% used [0x00000000c3400000,0x00000000c3b2bf68,0x00000000c5d80000)
 Metaspace       used 16196K, capacity 16354K, committed 16640K, reserved 1064960K
  class space    used 1923K, capacity 1955K, committed 2048K, reserved 1048576K
}
Event: 6.861 GC heap before
{Heap before GC invocations=6 (full 0):
 PSYoungGen      total 34304K, used 27299K [0x00000000ebc00000, 0x00000000f0500000, 0x0000000100000000)
  eden space 31744K, 77% used [0x00000000ebc00000,0x00000000ed42db00,0x00000000edb00000)
  from space 2560K, 99% used [0x00000000edb00000,0x00000000edd7b470,0x00000000edd80000)
  to   space 5632K, 0% used [0x00000000eff80000,0x00000000eff80000,0x00000000f0500000)
 ParOldGen       total 42496K, used 7343K [0x00000000c3400000, 0x00000000c5d80000, 0x00000000ebc00000)
  object space 42496K, 17% used [0x00000000c3400000,0x00000000c3b2bf68,0x00000000c5d80000)
 Metaspace       used 20880K, capacity 21100K, committed 21296K, reserved 1069056K
  class space    used 2611K, capacity 2682K, committed 2688K, reserved 1048576K
Event: 6.875 GC heap after
Heap after GC invocations=6 (full 0):
 PSYoungGen      total 68096K, used 5623K [0x00000000ebc00000, 0x00000000f0700000, 0x0000000100000000)
  eden space 62464K, 0% used [0x00000000ebc00000,0x00000000ebc00000,0x00000000ef900000)
  from space 5632K, 99% used [0x00000000eff80000,0x00000000f04fdcd8,0x00000000f0500000)
  to   space 6656K, 0% used [0x00000000ef900000,0x00000000ef900000,0x00000000eff80000)
 ParOldGen       total 42496K, used 7959K [0x00000000c3400000, 0x00000000c5d80000, 0x00000000ebc00000)
  object space 42496K, 18% used [0x00000000c3400000,0x00000000c3bc5cd0,0x00000000c5d80000)
 Metaspace       used 20880K, capacity 21100K, committed 21296K, reserved 1069056K
  class space    used 2611K, capacity 2682K, committed 2688K, reserved 1048576K
}
Event: 6.875 GC heap before
{Heap before GC invocations=7 (full 1):
 PSYoungGen      total 68096K, used 5623K [0x00000000ebc00000, 0x00000000f0700000, 0x0000000100000000)
  eden space 62464K, 0% used [0x00000000ebc00000,0x00000000ebc00000,0x00000000ef900000)
  from space 5632K, 99% used [0x00000000eff80000,0x00000000f04fdcd8,0x00000000f0500000)
  to   space 6656K, 0% used [0x00000000ef900000,0x00000000ef900000,0x00000000eff80000)
 ParOldGen       total 42496K, used 7959K [0x00000000c3400000, 0x00000000c5d80000, 0x00000000ebc00000)
  object space 42496K, 18% used [0x00000000c3400000,0x00000000c3bc5cd0,0x00000000c5d80000)
 Metaspace       used 20880K, capacity 21100K, committed 21296K, reserved 1069056K
  class space    used 2611K, capacity 2682K, committed 2688K, reserved 1048576K
Event: 6.924 GC heap after
Heap after GC invocations=7 (full 1):
 PSYoungGen      total 68096K, used 0K [0x00000000ebc00000, 0x00000000f0700000, 0x0000000100000000)
  eden space 62464K, 0% used [0x00000000ebc00000,0x00000000ebc00000,0x00000000ef900000)
  from space 5632K, 0% used [0x00000000eff80000,0x00000000eff80000,0x00000000f0500000)
  to   space 6656K, 0% used [0x00000000ef900000,0x00000000ef900000,0x00000000eff80000)
 ParOldGen       total 30720K, used 7684K [0x00000000c3400000, 0x00000000c5200000, 0x00000000ebc00000)
  object space 30720K, 25% used [0x00000000c3400000,0x00000000c3b813c0,0x00000000c5200000)
 Metaspace       used 20880K, capacity 21100K, committed 21296K, reserved 1069056K
  class space    used 2611K, capacity 2682K, committed 2688K, reserved 1048576K
}

