# JRE version: Java(TM) SE Runtime Environment (8.0_161-b12) (build 1.8.0_161-b12)
# Java VM: Java HotSpot(TM) 64-Bit Server VM (25.161-b12 mixed mode windows-amd64 compressed oops)
Heap:
 PSYoungGen      total 34304K, used 4811K [0x00000000ebc00000, 0x00000000f0000000, 0x0000000100000000)
  eden space 31744K, 7% used [0x00000000ebc00000,0x00000000ebe332c8,0x00000000edb00000)
  from space 2560K, 99% used [0x00000000edb00000,0x00000000edd7fa28,0x00000000edd80000)
  to   space 6656K, 0% used [0x00000000ef980000,0x00000000ef980000,0x00000000f0000000)
 ParOldGen       total 31744K, used 12064K [0x00000000c3400000, 0x00000000c5300000, 0x00000000ebc00000)
  object space 31744K, 38% used [0x00000000c3400000,0x00000000c3fc82f8,0x00000000c5300000)
 Metaspace       used 26571K, capacity 26878K, committed 27392K, reserved 1073152K
  class space    used 3352K, capacity 3457K, committed 3584K, reserved 1048576K
GC Heap History (10 events):
Event: 2.409 GC heap before
{Heap before GC invocations=4 (full 0):
 PSYoungGen      total 18432K, used 18376K [0x00000000ebc00000, 0x00000000ee000000, 0x0000000100000000)
  eden space 15872K, 99% used [0x00000000ebc00000,0x00000000ecb78008,0x00000000ecb80000)
  from space 2560K, 99% used [0x00000000ecb80000,0x00000000ecdfa020,0x00000000ece00000)
  to   space 2560K, 0% used [0x00000000edd80000,0x00000000edd80000,0x00000000ee000000)
 ParOldGen       total 42496K, used 3846K [0x00000000c3400000, 0x00000000c5d80000, 0x00000000ebc00000)
  object space 42496K, 9% used [0x00000000c3400000,0x00000000c37c18a8,0x00000000c5d80000)
 Metaspace       used 11553K, capacity 11704K, committed 12032K, reserved 1060864K
  class space    used 1401K, capacity 1430K, committed 1536K, reserved 1048576K
Event: 2.428 GC heap after
Heap after GC invocations=4 (full 0):
 PSYoungGen      total 34304K, used 2541K [0x00000000ebc00000, 0x00000000ee000000, 0x0000000100000000)
  eden space 31744K, 0% used [0x00000000ebc00000,0x00000000ebc00000,0x00000000edb00000)
  from space 2560K, 99% used [0x00000000edd80000,0x00000000edffb598,0x00000000ee000000)
  to   space 2560K, 0% used [0x00000000edb00000,0x00000000edb00000,0x00000000edd80000)
 ParOldGen       total 42496K, used 4202K [0x00000000c3400000, 0x00000000c5d80000, 0x00000000ebc00000)
  object space 42496K, 9% used [0x00000000c3400000,0x00000000c381aa28,0x00000000c5d80000)
 Metaspace       used 11553K, capacity 11704K, committed 12032K, reserved 1060864K
  class space    used 1401K, capacity 1430K, committed 1536K, reserved 1048576K
}
Event: 3.277 GC heap before
{Heap before GC invocations=5 (full 0):
 PSYoungGen      total 34304K, used 34285K [0x00000000ebc00000, 0x00000000ee000000, 0x0000000100000000)
  eden space 31744K, 100% used [0x00000000ebc00000,0x00000000edb00000,0x00000000edb00000)
  from space 2560K, 99% used [0x00000000edd80000,0x00000000edffb598,0x00000000ee000000)
  to   space 2560K, 0% used [0x00000000edb00000,0x00000000edb00000,0x00000000edd80000)
 ParOldGen       total 42496K, used 4202K [0x00000000c3400000, 0x00000000c5d80000, 0x00000000ebc00000)
  object space 42496K, 9% used [0x00000000c3400000,0x00000000c381aa28,0x00000000c5d80000)
 Metaspace       used 16200K, capacity 16340K, committed 16640K, reserved 1064960K
  class space    used 1920K, capacity 1950K, committed 2048K, reserved 1048576K
Event: 3.289 GC heap after
Heap after GC invocations=5 (full 0):
 PSYoungGen      total 34304K, used 2542K [0x00000000ebc00000, 0x00000000f0500000, 0x0000000100000000)
  eden space 31744K, 0% used [0x00000000ebc00000,0x00000000ebc00000,0x00000000edb00000)
  from space 2560K, 99% used [0x00000000edb00000,0x00000000edd7b9c0,0x00000000edd80000)
  to   space 5632K, 0% used [0x00000000eff80000,0x00000000eff80000,0x00000000f0500000)
 ParOldGen       total 42496K, used 7262K [0x00000000c3400000, 0x00000000c5d80000, 0x00000000ebc00000)
  object space 42496K, 17% used [0x00000000c3400000,0x00000000c3b17a60,0x00000000c5d80000)
 Metaspace       used 16200K, capacity 16340K, committed 16640K, reserved 1064960K
  class space    used 1920K, capacity 1950K, committed 2048K, reserved 1048576K
}
Event: 5.358 GC heap before
{Heap before GC invocations=6 (full 0):
 PSYoungGen      total 34304K, used 27222K [0x00000000ebc00000, 0x00000000f0500000, 0x0000000100000000)
  eden space 31744K, 77% used [0x00000000ebc00000,0x00000000ed419fa8,0x00000000edb00000)
  from space 2560K, 99% used [0x00000000edb00000,0x00000000edd7b9c0,0x00000000edd80000)
  to   space 5632K, 0% used [0x00000000eff80000,0x00000000eff80000,0x00000000f0500000)
 ParOldGen       total 42496K, used 7262K [0x00000000c3400000, 0x00000000c5d80000, 0x00000000ebc00000)
  object space 42496K, 17% used [0x00000000c3400000,0x00000000c3b17a60,0x00000000c5d80000)
 Metaspace       used 20853K, capacity 21096K, committed 21296K, reserved 1069056K
  class space    used 2617K, capacity 2682K, committed 2688K, reserved 1048576K
Event: 5.370 GC heap after
Heap after GC invocations=6 (full 0):
 PSYoungGen      total 37376K, used 5606K [0x00000000ebc00000, 0x00000000f0500000, 0x0000000100000000)
  eden space 31744K, 0% used [0x00000000ebc00000,0x00000000ebc00000,0x00000000edb00000)
  from space 5632K, 99% used [0x00000000eff80000,0x00000000f04f99e0,0x00000000f0500000)
  to   space 2560K, 0% used [0x00000000edb00000,0x00000000edb00000,0x00000000edd80000)
 ParOldGen       total 42496K, used 8067K [0x00000000c3400000, 0x00000000c5d80000, 0x00000000ebc00000)
  object space 42496K, 18% used [0x00000000c3400000,0x00000000c3be0ff8,0x00000000c5d80000)
 Metaspace       used 20853K, capacity 21096K, committed 21296K, reserved 1069056K
  class space    used 2617K, capacity 2682K, committed 2688K, reserved 1048576K
}
Event: 5.370 GC heap before
{Heap before GC invocations=7 (full 1):
 PSYoungGen      total 37376K, used 5606K [0x00000000ebc00000, 0x00000000f0500000, 0x0000000100000000)
  eden space 31744K, 0% used [0x00000000ebc00000,0x00000000ebc00000,0x00000000edb00000)
  from space 5632K, 99% used [0x00000000eff80000,0x00000000f04f99e0,0x00000000f0500000)
  to   space 2560K, 0% used [0x00000000edb00000,0x00000000edb00000,0x00000000edd80000)
 ParOldGen       total 42496K, used 8067K [0x00000000c3400000, 0x00000000c5d80000, 0x00000000ebc00000)
  object space 42496K, 18% used [0x00000000c3400000,0x00000000c3be0ff8,0x00000000c5d80000)
 Metaspace       used 20853K, capacity 21096K, committed 21296K, reserved 1069056K
  class space    used 2617K, capacity 2682K, committed 2688K, reserved 1048576K
Event: 5.419 GC heap after
Heap after GC invocations=7 (full 1):
 PSYoungGen      total 37376K, used 0K [0x00000000ebc00000, 0x00000000f0500000, 0x0000000100000000)
  eden space 31744K, 0% used [0x00000000ebc00000,0x00000000ebc00000,0x00000000edb00000)
  from space 5632K, 0% used [0x00000000eff80000,0x00000000eff80000,0x00000000f0500000)
  to   space 2560K, 0% used [0x00000000edb00000,0x00000000edb00000,0x00000000edd80000)
 ParOldGen       total 31744K, used 9823K [0x00000000c3400000, 0x00000000c5300000, 0x00000000ebc00000)
  object space 31744K, 30% used [0x00000000c3400000,0x00000000c3d97e58,0x00000000c5300000)
 Metaspace       used 20853K, capacity 21096K, committed 21296K, reserved 1069056K
  class space    used 2617K, capacity 2682K, committed 2688K, reserved 1048576K
}
Event: 10.274 GC heap before
{Heap before GC invocations=8 (full 1):
 PSYoungGen      total 37376K, used 31662K [0x00000000ebc00000, 0x00000000f0500000, 0x0000000100000000)
  eden space 31744K, 99% used [0x00000000ebc00000,0x00000000edaebb78,0x00000000edb00000)
  from space 5632K, 0% used [0x00000000eff80000,0x00000000eff80000,0x00000000f0500000)
  to   space 2560K, 0% used [0x00000000edb00000,0x00000000edb00000,0x00000000edd80000)
 ParOldGen       total 31744K, used 9823K [0x00000000c3400000, 0x00000000c5300000, 0x00000000ebc00000)
  object space 31744K, 30% used [0x00000000c3400000,0x00000000c3d97e58,0x00000000c5300000)
 Metaspace       used 26011K, capacity 26302K, committed 26752K, reserved 1073152K
  class space    used 3303K, capacity 3393K, committed 3456K, reserved 1048576K
Event: 10.299 GC heap after
Heap after GC invocations=8 (full 1):
 PSYoungGen      total 34304K, used 2558K [0x00000000ebc00000, 0x00000000f0000000, 0x0000000100000000)
  eden space 31744K, 0% used [0x00000000ebc00000,0x00000000ebc00000,0x00000000edb00000)
  from space 2560K, 99% used [0x00000000edb00000,0x00000000edd7fa28,0x00000000edd80000)
  to   space 6656K, 0% used [0x00000000ef980000,0x00000000ef980000,0x00000000f0000000)
 ParOldGen       total 31744K, used 12064K [0x00000000c3400000, 0x00000000c5300000, 0x00000000ebc00000)
  object space 31744K, 38% used [0x00000000c3400000,0x00000000c3fc82f8,0x00000000c5300000)
 Metaspace       used 26011K, capacity 26302K, committed 26752K, reserved 1073152K
  class space    used 3303K, capacity 3393K, committed 3456K, reserved 1048576K
}

